{"level":"info","message":"Listening on port 3900","timestamp":"2020-08-18T17:29:13.206Z"}
{"level":"info","message":"Connected to mongodb://localhost/vidly...","timestamp":"2020-08-18T17:29:13.547Z"}
{"level":"info","message":"Listening on port 3900","timestamp":"2020-08-18T17:29:16.415Z"}
{"level":"info","message":"Connected to mongodb://localhost/vidly...","timestamp":"2020-08-18T17:29:16.462Z"}
{"level":"info","message":"Listening on port 3900","timestamp":"2020-08-18T17:31:53.538Z"}
{"level":"info","message":"Connected to mongodb://localhost/vidly...","timestamp":"2020-08-18T17:31:53.583Z"}
{"level":"info","message":"Listening on port 3900","timestamp":"2020-08-18T17:32:12.883Z"}
{"level":"info","message":"Connected to mongodb://localhost/vidly...","timestamp":"2020-08-18T17:32:12.986Z"}
{"level":"info","message":"Listening on port 3900","timestamp":"2020-08-18T17:34:22.870Z"}
{"level":"info","message":"Connected to mongodb://localhost/vidly...","timestamp":"2020-08-18T17:34:22.975Z"}
{"level":"info","message":"Listening on port 3900","timestamp":"2020-08-18T18:01:40.797Z"}
{"level":"info","message":"Connected to mongodb://localhost/vidly...","timestamp":"2020-08-18T18:01:40.844Z"}
{"level":"info","message":"Listening on port 3900","timestamp":"2020-08-18T18:07:47.803Z"}
{"level":"info","message":"Connected to mongodb://localhost/vidly...","timestamp":"2020-08-18T18:07:47.845Z"}
{"level":"info","message":"Listening on port 3900","timestamp":"2020-08-18T18:07:53.293Z"}
{"level":"info","message":"Connected to mongodb://localhost/vidly...","timestamp":"2020-08-18T18:07:53.346Z"}
{"level":"info","message":"Listening on port 3900","timestamp":"2020-08-18T18:16:26.197Z"}
{"level":"info","message":"Connected to mongodb://localhost/vidly...","timestamp":"2020-08-18T18:16:26.245Z"}
{"level":"info","message":"Listening on port 3900","timestamp":"2020-08-18T18:16:31.235Z"}
{"level":"info","message":"Connected to mongodb://localhost/vidly...","timestamp":"2020-08-18T18:16:31.273Z"}
{"level":"info","message":"Listening on port 3900","timestamp":"2020-08-18T18:17:23.612Z"}
{"level":"info","message":"Connected to mongodb://localhost/vidly...","timestamp":"2020-08-18T18:17:23.661Z"}
{"level":"info","message":"Listening on port 3900","timestamp":"2020-08-18T18:17:38.061Z"}
{"level":"info","message":"Connected to mongodb://localhost/vidly...","timestamp":"2020-08-18T18:17:38.102Z"}
{"level":"info","message":"Listening on port 3900","timestamp":"2020-08-18T18:20:09.775Z"}
{"level":"info","message":"Connected to mongodb://localhost/vidly...","timestamp":"2020-08-18T18:20:09.828Z"}
{"level":"info","message":"Listening on port 3900","timestamp":"2020-08-18T18:22:19.572Z"}
{"level":"info","message":"Connected to mongodb://localhost/vidly...","timestamp":"2020-08-18T18:22:19.618Z"}
{"level":"info","message":"Listening on port 3900","timestamp":"2020-08-18T18:22:23.994Z"}
{"level":"info","message":"Connected to mongodb://localhost/vidly...","timestamp":"2020-08-18T18:22:24.039Z"}
{"level":"info","message":"Listening on port 3900","timestamp":"2020-08-18T18:22:28.893Z"}
{"level":"info","message":"Connected to mongodb://localhost/vidly...","timestamp":"2020-08-18T18:22:28.989Z"}
{"message":"Cannot set headers after they are sent to the client","stack":"Error [ERR_HTTP_HEADERS_SENT]: Cannot set headers after they are sent to the client\n    at ServerResponse.setHeader (_http_outgoing.js:485:11)\n    at ServerResponse.header (C:\\Users\\admin\\Desktop\\vidly_project1\\vidly_backend\\node_modules\\express\\lib\\response.js:771:10)\n    at ServerResponse.send (C:\\Users\\admin\\Desktop\\vidly_project1\\vidly_backend\\node_modules\\express\\lib\\response.js:170:12)\n    at C:\\Users\\admin\\Desktop\\vidly_project1\\vidly_backend\\routes\\info.js:71:7","code":"ERR_HTTP_HEADERS_SENT","level":"error","timestamp":"2020-08-18T18:29:16.431Z"}
{"level":"info","message":"Listening on port 3900","timestamp":"2020-08-18T18:39:23.307Z"}
{"level":"info","message":"Connected to mongodb://localhost/vidly...","timestamp":"2020-08-18T18:39:23.334Z"}
{"level":"info","message":"Listening on port 3900","timestamp":"2020-08-18T18:40:13.966Z"}
{"level":"info","message":"Connected to mongodb://localhost/vidly...","timestamp":"2020-08-18T18:40:14.001Z"}
{"level":"info","message":"Listening on port 3900","timestamp":"2020-08-18T18:41:38.384Z"}
{"level":"info","message":"Connected to mongodb://localhost/vidly...","timestamp":"2020-08-18T18:41:38.414Z"}
{"level":"info","message":"Listening on port 3900","timestamp":"2020-08-18T18:41:55.091Z"}
{"level":"info","message":"Connected to mongodb://localhost/vidly...","timestamp":"2020-08-18T18:41:55.171Z"}
{"level":"info","message":"Listening on port 3900","timestamp":"2020-08-18T18:42:03.711Z"}
{"level":"info","message":"Connected to mongodb://localhost/vidly...","timestamp":"2020-08-18T18:42:03.749Z"}
{"level":"info","message":"Listening on port 3900","timestamp":"2020-08-18T18:42:10.357Z"}
{"level":"info","message":"Connected to mongodb://localhost/vidly...","timestamp":"2020-08-18T18:42:10.389Z"}
{"level":"info","message":"Listening on port 3900","timestamp":"2020-08-18T18:46:44.695Z"}
{"level":"info","message":"Connected to mongodb://localhost/vidly...","timestamp":"2020-08-18T18:46:44.740Z"}
{"level":"info","message":"Listening on port 3900","timestamp":"2020-08-18T18:47:11.595Z"}
{"level":"info","message":"Connected to mongodb://localhost/vidly...","timestamp":"2020-08-18T18:47:11.640Z"}
{"level":"info","message":"Listening on port 3900","timestamp":"2020-08-18T18:49:19.431Z"}
{"level":"info","message":"Connected to mongodb://localhost/vidly...","timestamp":"2020-08-18T18:49:19.459Z"}
{"level":"info","message":"Listening on port 3900","timestamp":"2020-08-18T18:50:10.651Z"}
{"level":"info","message":"Connected to mongodb://localhost/vidly...","timestamp":"2020-08-18T18:50:10.698Z"}
{"level":"info","message":"Listening on port 3900","timestamp":"2020-08-18T18:50:14.359Z"}
{"level":"info","message":"Connected to mongodb://localhost/vidly...","timestamp":"2020-08-18T18:50:14.396Z"}
{"level":"info","message":"Listening on port 3900","timestamp":"2020-08-18T18:51:01.198Z"}
{"level":"info","message":"Connected to mongodb://localhost/vidly...","timestamp":"2020-08-18T18:51:01.242Z"}
{"level":"info","message":"Listening on port 3900","timestamp":"2020-08-18T18:51:08.011Z"}
{"level":"info","message":"Connected to mongodb://localhost/vidly...","timestamp":"2020-08-18T18:51:08.039Z"}
{"level":"info","message":"Listening on port 3900","timestamp":"2020-08-18T18:53:08.412Z"}
{"level":"info","message":"Connected to mongodb://localhost/vidly...","timestamp":"2020-08-18T18:53:08.454Z"}
{"level":"info","message":"Listening on port 3900","timestamp":"2020-08-18T19:01:55.082Z"}
{"level":"info","message":"Connected to mongodb://localhost/vidly...","timestamp":"2020-08-18T19:01:55.112Z"}
{"level":"info","message":"Listening on port 3900","timestamp":"2020-08-18T19:02:04.032Z"}
{"level":"info","message":"Connected to mongodb://localhost/vidly...","timestamp":"2020-08-18T19:02:04.059Z"}
{"level":"info","message":"Listening on port 3900","timestamp":"2020-08-18T19:02:31.904Z"}
{"level":"info","message":"Connected to mongodb://localhost/vidly...","timestamp":"2020-08-18T19:02:31.941Z"}
{"level":"info","message":"Listening on port 3900","timestamp":"2020-08-18T19:02:37.886Z"}
{"level":"info","message":"Connected to mongodb://localhost/vidly...","timestamp":"2020-08-18T19:02:37.912Z"}
{"level":"info","message":"Listening on port 3900","timestamp":"2020-08-18T19:02:45.153Z"}
{"level":"info","message":"Connected to mongodb://localhost/vidly...","timestamp":"2020-08-18T19:02:45.197Z"}
{"level":"info","message":"Listening on port 3900","timestamp":"2020-08-20T08:21:49.494Z"}
{"level":"info","message":"Connected to mongodb://localhost/vidly...","timestamp":"2020-08-20T08:21:51.400Z"}
{"level":"info","message":"Listening on port 3900","timestamp":"2020-08-20T08:27:47.384Z"}
{"level":"info","message":"Connected to mongodb://localhost/vidly...","timestamp":"2020-08-20T08:27:47.452Z"}
{"level":"info","message":"Listening on port 3900","timestamp":"2020-08-20T08:32:59.588Z"}
{"level":"info","message":"Connected to mongodb://localhost/vidly...","timestamp":"2020-08-20T08:32:59.810Z"}
{"level":"info","message":"Listening on port 3900","timestamp":"2020-08-20T08:39:15.808Z"}
{"level":"info","message":"Connected to mongodb://localhost/vidly...","timestamp":"2020-08-20T08:39:15.845Z"}
{"level":"info","message":"Listening on port 3900","timestamp":"2020-08-20T08:49:46.167Z"}
{"level":"info","message":"Connected to mongodb://localhost/vidly...","timestamp":"2020-08-20T08:49:46.229Z"}
{"level":"info","message":"Listening on port 3900","timestamp":"2020-08-20T08:49:58.638Z"}
{"level":"info","message":"Connected to mongodb://localhost/vidly...","timestamp":"2020-08-20T08:49:58.695Z"}
{"level":"info","message":"Listening on port 3900","timestamp":"2020-08-20T08:50:07.024Z"}
{"level":"info","message":"Connected to mongodb://localhost/vidly...","timestamp":"2020-08-20T08:50:07.087Z"}
{"level":"info","message":"Listening on port 3900","timestamp":"2020-08-20T08:50:13.221Z"}
{"level":"info","message":"Connected to mongodb://localhost/vidly...","timestamp":"2020-08-20T08:50:13.276Z"}
{"level":"info","message":"Listening on port 3900","timestamp":"2020-08-20T08:50:17.449Z"}
{"level":"info","message":"Connected to mongodb://localhost/vidly...","timestamp":"2020-08-20T08:50:17.517Z"}
{"message":"Cannot read property '_id' of undefined","stack":"TypeError: Cannot read property '_id' of undefined\n    at C:\\Users\\admin\\Desktop\\vidly_project1\\vidly_backend\\routes\\user.js:9:45\n    at newFn (C:\\Users\\admin\\Desktop\\vidly_project1\\vidly_backend\\node_modules\\express-async-errors\\index.js:16:20)\n    at Layer.handle [as handle_request] (C:\\Users\\admin\\Desktop\\vidly_project1\\vidly_backend\\node_modules\\express\\lib\\router\\layer.js:95:5)\n    at next (C:\\Users\\admin\\Desktop\\vidly_project1\\vidly_backend\\node_modules\\express\\lib\\router\\route.js:137:13)\n    at auth (C:\\Users\\admin\\Desktop\\vidly_project1\\vidly_backend\\middleware\\auth.js:5:43)\n    at newFn (C:\\Users\\admin\\Desktop\\vidly_project1\\vidly_backend\\node_modules\\express-async-errors\\index.js:16:20)\n    at Layer.handle [as handle_request] (C:\\Users\\admin\\Desktop\\vidly_project1\\vidly_backend\\node_modules\\express\\lib\\router\\layer.js:95:5)\n    at next (C:\\Users\\admin\\Desktop\\vidly_project1\\vidly_backend\\node_modules\\express\\lib\\router\\route.js:137:13)\n    at Route.dispatch (C:\\Users\\admin\\Desktop\\vidly_project1\\vidly_backend\\node_modules\\express\\lib\\router\\route.js:112:3)\n    at newFn (C:\\Users\\admin\\Desktop\\vidly_project1\\vidly_backend\\node_modules\\express-async-errors\\index.js:16:20)\n    at Layer.handle [as handle_request] (C:\\Users\\admin\\Desktop\\vidly_project1\\vidly_backend\\node_modules\\express\\lib\\router\\layer.js:95:5)\n    at C:\\Users\\admin\\Desktop\\vidly_project1\\vidly_backend\\node_modules\\express\\lib\\router\\index.js:281:22\n    at Function.process_params (C:\\Users\\admin\\Desktop\\vidly_project1\\vidly_backend\\node_modules\\express\\lib\\router\\index.js:335:12)\n    at next (C:\\Users\\admin\\Desktop\\vidly_project1\\vidly_backend\\node_modules\\express\\lib\\router\\index.js:275:10)\n    at Function.handle (C:\\Users\\admin\\Desktop\\vidly_project1\\vidly_backend\\node_modules\\express\\lib\\router\\index.js:174:3)\n    at router (C:\\Users\\admin\\Desktop\\vidly_project1\\vidly_backend\\node_modules\\express\\lib\\router\\index.js:47:12)\n    at newFn (C:\\Users\\admin\\Desktop\\vidly_project1\\vidly_backend\\node_modules\\express-async-errors\\index.js:16:20)\n    at Layer.handle [as handle_request] (C:\\Users\\admin\\Desktop\\vidly_project1\\vidly_backend\\node_modules\\express\\lib\\router\\layer.js:95:5)\n    at trim_prefix (C:\\Users\\admin\\Desktop\\vidly_project1\\vidly_backend\\node_modules\\express\\lib\\router\\index.js:317:13)\n    at C:\\Users\\admin\\Desktop\\vidly_project1\\vidly_backend\\node_modules\\express\\lib\\router\\index.js:284:7\n    at Function.process_params (C:\\Users\\admin\\Desktop\\vidly_project1\\vidly_backend\\node_modules\\express\\lib\\router\\index.js:335:12)\n    at next (C:\\Users\\admin\\Desktop\\vidly_project1\\vidly_backend\\node_modules\\express\\lib\\router\\index.js:275:10)","level":"error","timestamp":"2020-08-20T08:52:34.210Z"}
{"message":"Cannot read property '_id' of undefined","stack":"TypeError: Cannot read property '_id' of undefined\n    at C:\\Users\\admin\\Desktop\\vidly_project1\\vidly_backend\\routes\\user.js:9:45\n    at newFn (C:\\Users\\admin\\Desktop\\vidly_project1\\vidly_backend\\node_modules\\express-async-errors\\index.js:16:20)\n    at Layer.handle [as handle_request] (C:\\Users\\admin\\Desktop\\vidly_project1\\vidly_backend\\node_modules\\express\\lib\\router\\layer.js:95:5)\n    at next (C:\\Users\\admin\\Desktop\\vidly_project1\\vidly_backend\\node_modules\\express\\lib\\router\\route.js:137:13)\n    at auth (C:\\Users\\admin\\Desktop\\vidly_project1\\vidly_backend\\middleware\\auth.js:5:43)\n    at newFn (C:\\Users\\admin\\Desktop\\vidly_project1\\vidly_backend\\node_modules\\express-async-errors\\index.js:16:20)\n    at Layer.handle [as handle_request] (C:\\Users\\admin\\Desktop\\vidly_project1\\vidly_backend\\node_modules\\express\\lib\\router\\layer.js:95:5)\n    at next (C:\\Users\\admin\\Desktop\\vidly_project1\\vidly_backend\\node_modules\\express\\lib\\router\\route.js:137:13)\n    at Route.dispatch (C:\\Users\\admin\\Desktop\\vidly_project1\\vidly_backend\\node_modules\\express\\lib\\router\\route.js:112:3)\n    at newFn (C:\\Users\\admin\\Desktop\\vidly_project1\\vidly_backend\\node_modules\\express-async-errors\\index.js:16:20)\n    at Layer.handle [as handle_request] (C:\\Users\\admin\\Desktop\\vidly_project1\\vidly_backend\\node_modules\\express\\lib\\router\\layer.js:95:5)\n    at C:\\Users\\admin\\Desktop\\vidly_project1\\vidly_backend\\node_modules\\express\\lib\\router\\index.js:281:22\n    at Function.process_params (C:\\Users\\admin\\Desktop\\vidly_project1\\vidly_backend\\node_modules\\express\\lib\\router\\index.js:335:12)\n    at next (C:\\Users\\admin\\Desktop\\vidly_project1\\vidly_backend\\node_modules\\express\\lib\\router\\index.js:275:10)\n    at Function.handle (C:\\Users\\admin\\Desktop\\vidly_project1\\vidly_backend\\node_modules\\express\\lib\\router\\index.js:174:3)\n    at router (C:\\Users\\admin\\Desktop\\vidly_project1\\vidly_backend\\node_modules\\express\\lib\\router\\index.js:47:12)\n    at newFn (C:\\Users\\admin\\Desktop\\vidly_project1\\vidly_backend\\node_modules\\express-async-errors\\index.js:16:20)\n    at Layer.handle [as handle_request] (C:\\Users\\admin\\Desktop\\vidly_project1\\vidly_backend\\node_modules\\express\\lib\\router\\layer.js:95:5)\n    at trim_prefix (C:\\Users\\admin\\Desktop\\vidly_project1\\vidly_backend\\node_modules\\express\\lib\\router\\index.js:317:13)\n    at C:\\Users\\admin\\Desktop\\vidly_project1\\vidly_backend\\node_modules\\express\\lib\\router\\index.js:284:7\n    at Function.process_params (C:\\Users\\admin\\Desktop\\vidly_project1\\vidly_backend\\node_modules\\express\\lib\\router\\index.js:335:12)\n    at next (C:\\Users\\admin\\Desktop\\vidly_project1\\vidly_backend\\node_modules\\express\\lib\\router\\index.js:275:10)","level":"error","timestamp":"2020-08-20T08:54:08.359Z"}
{"level":"info","message":"Listening on port 3900","timestamp":"2020-08-20T08:55:34.637Z"}
{"level":"info","message":"Connected to mongodb://localhost/vidly...","timestamp":"2020-08-20T08:55:34.666Z"}
{"message":"Cannot read property '_id' of undefined","stack":"TypeError: Cannot read property '_id' of undefined\n    at C:\\Users\\admin\\Desktop\\vidly_project1\\vidly_backend\\routes\\user.js:9:45\n    at newFn (C:\\Users\\admin\\Desktop\\vidly_project1\\vidly_backend\\node_modules\\express-async-errors\\index.js:16:20)\n    at Layer.handle [as handle_request] (C:\\Users\\admin\\Desktop\\vidly_project1\\vidly_backend\\node_modules\\express\\lib\\router\\layer.js:95:5)\n    at next (C:\\Users\\admin\\Desktop\\vidly_project1\\vidly_backend\\node_modules\\express\\lib\\router\\route.js:137:13)\n    at auth (C:\\Users\\admin\\Desktop\\vidly_project1\\vidly_backend\\middleware\\auth.js:5:43)\n    at newFn (C:\\Users\\admin\\Desktop\\vidly_project1\\vidly_backend\\node_modules\\express-async-errors\\index.js:16:20)\n    at Layer.handle [as handle_request] (C:\\Users\\admin\\Desktop\\vidly_project1\\vidly_backend\\node_modules\\express\\lib\\router\\layer.js:95:5)\n    at next (C:\\Users\\admin\\Desktop\\vidly_project1\\vidly_backend\\node_modules\\express\\lib\\router\\route.js:137:13)\n    at Route.dispatch (C:\\Users\\admin\\Desktop\\vidly_project1\\vidly_backend\\node_modules\\express\\lib\\router\\route.js:112:3)\n    at newFn (C:\\Users\\admin\\Desktop\\vidly_project1\\vidly_backend\\node_modules\\express-async-errors\\index.js:16:20)\n    at Layer.handle [as handle_request] (C:\\Users\\admin\\Desktop\\vidly_project1\\vidly_backend\\node_modules\\express\\lib\\router\\layer.js:95:5)\n    at C:\\Users\\admin\\Desktop\\vidly_project1\\vidly_backend\\node_modules\\express\\lib\\router\\index.js:281:22\n    at Function.process_params (C:\\Users\\admin\\Desktop\\vidly_project1\\vidly_backend\\node_modules\\express\\lib\\router\\index.js:335:12)\n    at next (C:\\Users\\admin\\Desktop\\vidly_project1\\vidly_backend\\node_modules\\express\\lib\\router\\index.js:275:10)\n    at Function.handle (C:\\Users\\admin\\Desktop\\vidly_project1\\vidly_backend\\node_modules\\express\\lib\\router\\index.js:174:3)\n    at router (C:\\Users\\admin\\Desktop\\vidly_project1\\vidly_backend\\node_modules\\express\\lib\\router\\index.js:47:12)\n    at newFn (C:\\Users\\admin\\Desktop\\vidly_project1\\vidly_backend\\node_modules\\express-async-errors\\index.js:16:20)\n    at Layer.handle [as handle_request] (C:\\Users\\admin\\Desktop\\vidly_project1\\vidly_backend\\node_modules\\express\\lib\\router\\layer.js:95:5)\n    at trim_prefix (C:\\Users\\admin\\Desktop\\vidly_project1\\vidly_backend\\node_modules\\express\\lib\\router\\index.js:317:13)\n    at C:\\Users\\admin\\Desktop\\vidly_project1\\vidly_backend\\node_modules\\express\\lib\\router\\index.js:284:7\n    at Function.process_params (C:\\Users\\admin\\Desktop\\vidly_project1\\vidly_backend\\node_modules\\express\\lib\\router\\index.js:335:12)\n    at next (C:\\Users\\admin\\Desktop\\vidly_project1\\vidly_backend\\node_modules\\express\\lib\\router\\index.js:275:10)","level":"error","timestamp":"2020-08-20T09:01:36.361Z"}
{"level":"info","message":"Listening on port 3900","timestamp":"2020-08-20T09:03:01.634Z"}
{"level":"info","message":"Listening on port 3900","timestamp":"2020-08-20T09:03:11.444Z"}
{"level":"info","message":"Connected to mongodb://localhost/vidly...","timestamp":"2020-08-20T09:03:11.492Z"}
{"level":"info","message":"Listening on port 3900","timestamp":"2020-08-20T09:03:15.245Z"}
{"level":"info","message":"Connected to mongodb://localhost/vidly...","timestamp":"2020-08-20T09:03:15.301Z"}
{"message":"Cannot read property '_id' of undefined","stack":"TypeError: Cannot read property '_id' of undefined\n    at C:\\Users\\admin\\Desktop\\vidly_project1\\vidly_backend\\routes\\user.js:10:45\n    at newFn (C:\\Users\\admin\\Desktop\\vidly_project1\\vidly_backend\\node_modules\\express-async-errors\\index.js:16:20)\n    at Layer.handle [as handle_request] (C:\\Users\\admin\\Desktop\\vidly_project1\\vidly_backend\\node_modules\\express\\lib\\router\\layer.js:95:5)\n    at next (C:\\Users\\admin\\Desktop\\vidly_project1\\vidly_backend\\node_modules\\express\\lib\\router\\route.js:137:13)\n    at auth (C:\\Users\\admin\\Desktop\\vidly_project1\\vidly_backend\\middleware\\auth.js:5:43)\n    at newFn (C:\\Users\\admin\\Desktop\\vidly_project1\\vidly_backend\\node_modules\\express-async-errors\\index.js:16:20)\n    at Layer.handle [as handle_request] (C:\\Users\\admin\\Desktop\\vidly_project1\\vidly_backend\\node_modules\\express\\lib\\router\\layer.js:95:5)\n    at next (C:\\Users\\admin\\Desktop\\vidly_project1\\vidly_backend\\node_modules\\express\\lib\\router\\route.js:137:13)\n    at Route.dispatch (C:\\Users\\admin\\Desktop\\vidly_project1\\vidly_backend\\node_modules\\express\\lib\\router\\route.js:112:3)\n    at newFn (C:\\Users\\admin\\Desktop\\vidly_project1\\vidly_backend\\node_modules\\express-async-errors\\index.js:16:20)\n    at Layer.handle [as handle_request] (C:\\Users\\admin\\Desktop\\vidly_project1\\vidly_backend\\node_modules\\express\\lib\\router\\layer.js:95:5)\n    at C:\\Users\\admin\\Desktop\\vidly_project1\\vidly_backend\\node_modules\\express\\lib\\router\\index.js:281:22\n    at Function.process_params (C:\\Users\\admin\\Desktop\\vidly_project1\\vidly_backend\\node_modules\\express\\lib\\router\\index.js:335:12)\n    at next (C:\\Users\\admin\\Desktop\\vidly_project1\\vidly_backend\\node_modules\\express\\lib\\router\\index.js:275:10)\n    at Function.handle (C:\\Users\\admin\\Desktop\\vidly_project1\\vidly_backend\\node_modules\\express\\lib\\router\\index.js:174:3)\n    at router (C:\\Users\\admin\\Desktop\\vidly_project1\\vidly_backend\\node_modules\\express\\lib\\router\\index.js:47:12)\n    at newFn (C:\\Users\\admin\\Desktop\\vidly_project1\\vidly_backend\\node_modules\\express-async-errors\\index.js:16:20)\n    at Layer.handle [as handle_request] (C:\\Users\\admin\\Desktop\\vidly_project1\\vidly_backend\\node_modules\\express\\lib\\router\\layer.js:95:5)\n    at trim_prefix (C:\\Users\\admin\\Desktop\\vidly_project1\\vidly_backend\\node_modules\\express\\lib\\router\\index.js:317:13)\n    at C:\\Users\\admin\\Desktop\\vidly_project1\\vidly_backend\\node_modules\\express\\lib\\router\\index.js:284:7\n    at Function.process_params (C:\\Users\\admin\\Desktop\\vidly_project1\\vidly_backend\\node_modules\\express\\lib\\router\\index.js:335:12)\n    at next (C:\\Users\\admin\\Desktop\\vidly_project1\\vidly_backend\\node_modules\\express\\lib\\router\\index.js:275:10)","level":"error","timestamp":"2020-08-20T09:03:23.814Z"}
{"level":"info","message":"Listening on port 3900","timestamp":"2020-08-20T09:04:17.526Z"}
{"level":"info","message":"Connected to mongodb://localhost/vidly...","timestamp":"2020-08-20T09:04:17.587Z"}
{"level":"info","message":"Listening on port 3900","timestamp":"2020-08-20T09:09:55.858Z"}
{"level":"info","message":"Connected to mongodb://localhost/vidly...","timestamp":"2020-08-20T09:09:55.918Z"}
{"level":"info","message":"Listening on port 3900","timestamp":"2020-09-25T12:39:54.944Z"}
{"level":"info","message":"Connected to mongodb://localhost/Ecom...","timestamp":"2020-09-25T12:39:55.843Z"}
